<?xml version="1.0" encoding="UTF-8"?>
<!-- Generated by org.testng.reporters.JUnitXMLReporter -->
<testsuite ignored="3" hostname="DESKTOP-ROFUC2D" failures="0" tests="2" name="Default test" time="57.549" errors="0" timestamp="2024-02-03T13:13:00 IST">
  <testcase classname="ecommerce.tests.ErrorValidationTest" name="productErrorValidation" time="16.017"/>
  <testcase classname="ecommerce.tests.ErrorValidationTest" name="productErrorValidation" time="14.173"/>
  <testcase classname="ecommerce.tests.ErrorValidationTest" name="emailErrorValidation" time="0.0">
    <ignored/>
  </testcase> <!-- emailErrorValidation -->
  <testcase classname="ecommerce.tests.ErrorValidationTest" name="loginbErrorValidation" time="0.0">
    <ignored/>
  </testcase> <!-- loginbErrorValidation -->
  <testcase classname="ecommerce.tests.ErrorValidationTest" name="blankPasswordErrorValidation" time="0.0">
    <ignored/>
  </testcase> <!-- blankPasswordErrorValidation -->
</testsuite> <!-- Default test -->
