<?xml version="1.0" encoding="UTF-8"?>
<!-- Generated by org.testng.reporters.JUnitXMLReporter -->
<testsuite ignored="7" hostname="DESKTOP-ROFUC2D" failures="0" tests="5" name="Test" time="103.907" errors="0" timestamp="2024-02-03T17:39:40 IST">
  <testcase classname="ecommerce.tests.ErrorValidationTest" name="emailErrorValidation" time="3.902"/>
  <testcase classname="ecommerce.tests.ProductTest" name="filterByProductName" time="3.163"/>
  <testcase classname="ecommerce.tests.ProductTest" name="filterByProductName" time="3.099"/>
  <testcase classname="ecommerce.tests.OrderTest" name="verifyEmptyCart" time="3.109"/>
  <testcase classname="ecommerce.tests.OrderTest" name="verifyEmptyCart" time="2.68"/>
  <testcase classname="ecommerce.tests.ErrorValidationTest" name="loginbErrorValidation" time="0.0">
    <ignored/>
  </testcase> <!-- loginbErrorValidation -->
  <testcase classname="ecommerce.tests.OrderTest" name="purchaseMultipleItems" time="0.0">
    <ignored/>
  </testcase> <!-- purchaseMultipleItems -->
  <testcase classname="ecommerce.tests.OrderTest" name="purchaseItem" time="0.0">
    <ignored/>
  </testcase> <!-- purchaseItem -->
  <testcase classname="ecommerce.tests.OrderTest" name="verifyMultipleOrderList" time="0.0">
    <ignored/>
  </testcase> <!-- verifyMultipleOrderList -->
  <testcase classname="ecommerce.tests.OrderTest" name="verifyOrderList" time="0.0">
    <ignored/>
  </testcase> <!-- verifyOrderList -->
  <testcase classname="ecommerce.tests.ErrorValidationTest" name="productErrorValidation" time="0.0">
    <ignored/>
  </testcase> <!-- productErrorValidation -->
  <testcase classname="ecommerce.tests.ErrorValidationTest" name="blankPasswordErrorValidation" time="0.0">
    <ignored/>
  </testcase> <!-- blankPasswordErrorValidation -->
</testsuite> <!-- Test -->
