<?xml version="1.0" encoding="UTF-8"?>
<testng-results ignored="0" total="5" passed="5" failed="0" skipped="0">
  <reporter-output>
  </reporter-output>
  <suite started-at="2024-02-03T17:37:54 IST" name="Suite" finished-at="2024-02-03T17:39:38 IST" duration-ms="103907">
    <groups>
      <group name="smoke">
        <method signature="ErrorValidationTest.emailErrorValidation(java.util.HashMap)[pri:0, instance:ecommerce.tests.ErrorValidationTest@3ad2e17]" name="emailErrorValidation" class="ecommerce.tests.ErrorValidationTest"/>
        <method signature="OrderTest.verifyEmptyCart(java.util.HashMap)[pri:0, instance:ecommerce.tests.OrderTest@33308786]" name="verifyEmptyCart" class="ecommerce.tests.OrderTest"/>
        <method signature="ProductTest.filterByProductName(java.util.HashMap)[pri:0, instance:ecommerce.tests.ProductTest@bcef303]" name="filterByProductName" class="ecommerce.tests.ProductTest"/>
      </group> <!-- smoke -->
      <group name="errorHandle">
        <method signature="ErrorValidationTest.emailErrorValidation(java.util.HashMap)[pri:0, instance:ecommerce.tests.ErrorValidationTest@3ad2e17]" name="emailErrorValidation" class="ecommerce.tests.ErrorValidationTest"/>
      </group> <!-- errorHandle -->
    </groups>
    <test started-at="2024-02-03T17:37:54 IST" name="Test" finished-at="2024-02-03T17:39:38 IST" duration-ms="103907">
      <class name="ecommerce.tests.ProductTest">
        <test-method is-config="true" signature="launchApplication()[pri:0, instance:ecommerce.tests.ProductTest@bcef303]" started-at="2024-02-03T17:38:41 IST" name="launchApplication" finished-at="2024-02-03T17:38:55 IST" duration-ms="14521" status="PASS">
          <reporter-output>
          </reporter-output>
        </test-method> <!-- launchApplication -->
        <test-method signature="filterByProductName(java.util.HashMap)[pri:0, instance:ecommerce.tests.ProductTest@bcef303]" started-at="2024-02-03T17:38:55 IST" name="filterByProductName" data-provider="userData" finished-at="2024-02-03T17:38:58 IST" duration-ms="3163" status="PASS">
          <params>
            <param index="0">
              <value>
                <![CDATA[{password=Anshu@1234, selectCountry=india, writeCountryName=ind, email=anshu1234@gmail.com, productName=ZARA COAT 3}]]>
              </value>
            </param>
          </params>
          <reporter-output>
          </reporter-output>
        </test-method> <!-- filterByProductName -->
        <test-method is-config="true" signature="tearDown()[pri:0, instance:ecommerce.tests.ProductTest@bcef303]" started-at="2024-02-03T17:38:58 IST" name="tearDown" finished-at="2024-02-03T17:38:59 IST" duration-ms="714" status="PASS">
          <reporter-output>
          </reporter-output>
        </test-method> <!-- tearDown -->
        <test-method is-config="true" signature="launchApplication()[pri:0, instance:ecommerce.tests.ProductTest@bcef303]" started-at="2024-02-03T17:38:59 IST" name="launchApplication" finished-at="2024-02-03T17:39:08 IST" duration-ms="9208" status="PASS">
          <reporter-output>
          </reporter-output>
        </test-method> <!-- launchApplication -->
        <test-method signature="filterByProductName(java.util.HashMap)[pri:0, instance:ecommerce.tests.ProductTest@bcef303]" started-at="2024-02-03T17:39:08 IST" name="filterByProductName" data-provider="userData" finished-at="2024-02-03T17:39:11 IST" duration-ms="3099" status="PASS">
          <params>
            <param index="0">
              <value>
                <![CDATA[{password=Leena@1234, selectCountry=india, writeCountryName=ind, email=leena1234@gmail.com, productName=ADIDAS ORIGINAL}]]>
              </value>
            </param>
          </params>
          <reporter-output>
          </reporter-output>
        </test-method> <!-- filterByProductName -->
        <test-method is-config="true" signature="tearDown()[pri:0, instance:ecommerce.tests.ProductTest@bcef303]" started-at="2024-02-03T17:39:11 IST" name="tearDown" finished-at="2024-02-03T17:39:12 IST" duration-ms="377" status="PASS">
          <reporter-output>
          </reporter-output>
        </test-method> <!-- tearDown -->
      </class> <!-- ecommerce.tests.ProductTest -->
      <class name="ecommerce.tests.ErrorValidationTest">
        <test-method is-config="true" signature="launchApplication()[pri:0, instance:ecommerce.tests.ErrorValidationTest@3ad2e17]" started-at="2024-02-03T17:37:55 IST" name="launchApplication" finished-at="2024-02-03T17:38:35 IST" duration-ms="40395" status="PASS">
          <reporter-output>
          </reporter-output>
        </test-method> <!-- launchApplication -->
        <test-method signature="emailErrorValidation(java.util.HashMap)[pri:0, instance:ecommerce.tests.ErrorValidationTest@3ad2e17]" started-at="2024-02-03T17:38:35 IST" name="emailErrorValidation" data-provider="emailErrorLoginData" finished-at="2024-02-03T17:38:39 IST" duration-ms="3902" status="PASS">
          <params>
            <param index="0">
              <value>
                <![CDATA[{password=Weh@1234, actualErrorMessage=*Enter Valid Email, email=@jhskj%}]]>
              </value>
            </param>
          </params>
          <reporter-output>
          </reporter-output>
        </test-method> <!-- emailErrorValidation -->
        <test-method is-config="true" signature="tearDown()[pri:0, instance:ecommerce.tests.ErrorValidationTest@3ad2e17]" started-at="2024-02-03T17:38:39 IST" name="tearDown" finished-at="2024-02-03T17:38:41 IST" duration-ms="1402" status="PASS">
          <reporter-output>
          </reporter-output>
        </test-method> <!-- tearDown -->
      </class> <!-- ecommerce.tests.ErrorValidationTest -->
      <class name="ecommerce.tests.OrderTest">
        <test-method is-config="true" signature="launchApplication()[pri:0, instance:ecommerce.tests.OrderTest@33308786]" started-at="2024-02-03T17:39:12 IST" name="launchApplication" finished-at="2024-02-03T17:39:22 IST" duration-ms="10578" status="PASS">
          <reporter-output>
          </reporter-output>
        </test-method> <!-- launchApplication -->
        <test-method signature="verifyEmptyCart(java.util.HashMap)[pri:0, instance:ecommerce.tests.OrderTest@33308786]" started-at="2024-02-03T17:39:22 IST" name="verifyEmptyCart" data-provider="userData" finished-at="2024-02-03T17:39:26 IST" duration-ms="3109" status="PASS">
          <params>
            <param index="0">
              <value>
                <![CDATA[{password=Anshu@1234, selectCountry=india, writeCountryName=ind, email=anshu1234@gmail.com, productName=ZARA COAT 3}]]>
              </value>
            </param>
          </params>
          <reporter-output>
          </reporter-output>
        </test-method> <!-- verifyEmptyCart -->
        <test-method is-config="true" signature="tearDown()[pri:0, instance:ecommerce.tests.OrderTest@33308786]" started-at="2024-02-03T17:39:26 IST" name="tearDown" finished-at="2024-02-03T17:39:26 IST" duration-ms="802" status="PASS">
          <reporter-output>
          </reporter-output>
        </test-method> <!-- tearDown -->
        <test-method is-config="true" signature="launchApplication()[pri:0, instance:ecommerce.tests.OrderTest@33308786]" started-at="2024-02-03T17:39:26 IST" name="launchApplication" finished-at="2024-02-03T17:39:35 IST" duration-ms="8770" status="PASS">
          <reporter-output>
          </reporter-output>
        </test-method> <!-- launchApplication -->
        <test-method signature="verifyEmptyCart(java.util.HashMap)[pri:0, instance:ecommerce.tests.OrderTest@33308786]" started-at="2024-02-03T17:39:35 IST" name="verifyEmptyCart" data-provider="userData" finished-at="2024-02-03T17:39:38 IST" duration-ms="2680" status="PASS">
          <params>
            <param index="0">
              <value>
                <![CDATA[{password=Leena@1234, selectCountry=india, writeCountryName=ind, email=leena1234@gmail.com, productName=ADIDAS ORIGINAL}]]>
              </value>
            </param>
          </params>
          <reporter-output>
          </reporter-output>
        </test-method> <!-- verifyEmptyCart -->
        <test-method is-config="true" signature="tearDown()[pri:0, instance:ecommerce.tests.OrderTest@33308786]" started-at="2024-02-03T17:39:38 IST" name="tearDown" finished-at="2024-02-03T17:39:38 IST" duration-ms="433" status="PASS">
          <reporter-output>
          </reporter-output>
        </test-method> <!-- tearDown -->
      </class> <!-- ecommerce.tests.OrderTest -->
    </test> <!-- Test -->
  </suite> <!-- Suite -->
</testng-results>
